Compiled application.js  (8ms)  (pid 3048)
Compiled jquery.js  (2ms)  (pid 3048)
Compiled jquery_ujs.js  (0ms)  (pid 3048)
Compiled blogs.js  (533ms)  (pid 3048)
Compiled rails.js  (0ms)  (pid 3048)
Compiled script.js  (2ms)  (pid 3048)
Compiled application.css  (4ms)  (pid 3048)
Compiled blogs.css  (10ms)  (pid 3048)
Compiled scaffolds.css  (27ms)  (pid 3048)
Compiled style.css  (0ms)  (pid 3048)
Compiled style.ie6.css  (0ms)  (pid 3048)
Compiled style.ie7.css  (0ms)  (pid 3048)
Compiled application.js  (37ms)  (pid 5692)
Compiled jquery.js  (17ms)  (pid 5692)
Compiled jquery_ujs.js  (37ms)  (pid 5692)
Compiled blogs.js  (1467ms)  (pid 5692)
Compiled rails.js  (7ms)  (pid 5692)
Compiled script.js  (9ms)  (pid 5692)
Compiled application.css  (4ms)  (pid 5692)
Compiled blogs.css  (10ms)  (pid 5692)
Compiled scaffolds.css  (68ms)  (pid 5692)
Compiled style.css  (28ms)  (pid 5692)
Compiled style.ie6.css  (20ms)  (pid 5692)
Compiled style.ie7.css  (1ms)  (pid 5692)


Started GET "/" for 127.0.0.1 at Thu Feb 23 16:02:38 +0530 2012
  Processing by BlogsController#index as HTML
Rendered blogs/index.html.erb within layouts/blogs (182.0ms)
Rendered layouts/_navigation_links.html.erb (2.0ms)
Completed 200 OK in 661ms (Views: 656.1ms | ActiveRecord: 5.0ms)


Started GET "/assets/jquery-cd0c322ff5a2fb5487fa33de00737b42.js" for 127.0.0.1 at Thu Feb 23 16:02:40 +0530 2012
Compiled jquery-cd0c322ff5a2fb5487fa33de00737b42.js  (5ms)  (pid 7100)
Served asset /jquery-cd0c322ff5a2fb5487fa33de00737b42.js - 200 OK (29669ms)


Started GET "/assets/rails-5ac455321f59b229cedb6f2fe5e7eb8d.js" for 127.0.0.1 at Thu Feb 23 16:03:09 +0530 2012
Compiled rails-5ac455321f59b229cedb6f2fe5e7eb8d.js  (3ms)  (pid 7100)
Served asset /rails-5ac455321f59b229cedb6f2fe5e7eb8d.js - 200 OK (1794ms)


Started GET "/assets/script-d3c6a81f5e970ea34fa3787efda3eaf3.js" for 127.0.0.1 at Thu Feb 23 16:03:11 +0530 2012
Compiled script-d3c6a81f5e970ea34fa3787efda3eaf3.js  (2ms)  (pid 7100)
Served asset /script-d3c6a81f5e970ea34fa3787efda3eaf3.js - 200 OK (1148ms)


Started GET "/assets/style-b1913e9e3a1a3087ecd951f46f4a362b.css" for 127.0.0.1 at Thu Feb 23 16:03:12 +0530 2012
Compiled style-b1913e9e3a1a3087ecd951f46f4a362b.css  (3ms)  (pid 7100)
Nonexistent asset style-b1913e9e3a1a3087ecd951f46f4a362b.css @ b1913e9e3a1a3087ecd951f46f4a362b
Served asset /style-b1913e9e3a1a3087ecd951f46f4a362b.css - 404 Not Found (111ms)

ActionController::RoutingError (No route matches [GET] "/assets/style-b1913e9e3a1a3087ecd951f46f4a362b.css"):
  

Rendered C:/Ruby187/lib/ruby/gems/1.8/gems/actionpack-3.1.3/lib/action_dispatch/middleware/templates/rescues/routing_error.erb within rescues/layout (1.0ms)
Compiled application.js  (8ms)  (pid 3904)
Compiled jquery.js  (3ms)  (pid 3904)
Compiled jquery_ujs.js  (1ms)  (pid 3904)
Compiled blogs.js  (472ms)  (pid 3904)
Compiled rails.js  (0ms)  (pid 3904)
Compiled script.js  (1ms)  (pid 3904)
Compiled application.css  (11ms)  (pid 3904)
Compiled blogs.css  (14ms)  (pid 3904)
Compiled scaffolds.css  (26ms)  (pid 3904)
Compiled style.css  (2ms)  (pid 3904)
Compiled style.ie6.css  (2ms)  (pid 3904)
Compiled style.ie7.css  (0ms)  (pid 3904)
Compiled application.js  (18ms)  (pid 7672)
Compiled jquery.js  (3ms)  (pid 7672)
Compiled jquery_ujs.js  (80ms)  (pid 7672)
Compiled blogs.js  (729ms)  (pid 7672)
Compiled rails.js  (3ms)  (pid 7672)
Compiled script.js  (2ms)  (pid 7672)
Compiled application.css  (6ms)  (pid 7672)
Compiled blogs.css  (14ms)  (pid 7672)
Compiled scaffolds.css  (60ms)  (pid 7672)
Compiled style.css  (2ms)  (pid 7672)
Compiled style.ie6.css  (1ms)  (pid 7672)
Compiled style.ie7.css  (0ms)  (pid 7672)
Compiled application.js  (9ms)  (pid 4284)
Compiled jquery.js  (2ms)  (pid 4284)
Compiled jquery_ujs.js  (4ms)  (pid 4284)
Compiled blogs.js  (491ms)  (pid 4284)
Compiled rails.js  (3ms)  (pid 4284)
Compiled script.js  (0ms)  (pid 4284)
Compiled application.css  (6ms)  (pid 4284)
Compiled blogs.css  (13ms)  (pid 4284)
Compiled scaffolds.css  (29ms)  (pid 4284)
Compiled style.css  (1ms)  (pid 4284)
Compiled style.ie6.css  (0ms)  (pid 4284)
Compiled style.ie7.css  (0ms)  (pid 4284)
Compiled application.js  (23ms)  (pid 4268)
Compiled jquery.js  (1ms)  (pid 4268)
Compiled jquery_ujs.js  (15ms)  (pid 4268)
Compiled blogs.js  (1026ms)  (pid 4268)
Compiled rails.js  (4ms)  (pid 4268)
Compiled script.js  (3ms)  (pid 4268)
Compiled application.css  (6ms)  (pid 4268)
Compiled blogs.css  (14ms)  (pid 4268)
Compiled scaffolds.css  (57ms)  (pid 4268)
Compiled style.css  (13ms)  (pid 4268)
Compiled style.ie6.css  (10ms)  (pid 4268)
Compiled style.ie7.css  (3ms)  (pid 4268)
